2021-06-02 16:53 : ping start
2021-06-02 16:53 : 127.0.0.1
2021-06-02 16:53 : reading
2021-06-02 16:53 : false
2021-06-02 16:53 : reading
2021-06-02 16:53 : false
2021-06-02 16:53 : reading
2021-06-02 16:53 : true
2021-06-02 16:53 : reading
2021-06-02 16:53 : true
2021-06-02 16:53 : reading
2021-06-02 16:53 : true
2021-06-02 16:53 : reading
2021-06-02 16:53 : true
2021-06-02 16:53 : reading
2021-06-02 17:04 : ping start
2021-06-02 17:04 : 192.168.1.200
2021-06-02 17:04 : reading
2021-06-02 17:04 : false
2021-06-02 17:04 : reading
2021-06-02 17:04 : false
2021-06-02 17:04 : reading
2021-06-02 17:04 : true
2021-06-02 17:04 : reading
2021-06-02 17:04 : true
2021-06-02 17:04 : reading
2021-06-02 17:04 : true
2021-06-02 17:04 : reading
2021-06-02 17:04 : true
2021-06-02 17:04 : reading
2021-06-02 17:04 : true
2021-06-02 17:04 : reading
2021-06-02 17:04 : true
2021-06-02 17:04 : reading
2021-06-02 17:04 : true
2021-06-02 17:04 : reading
2021-06-02 17:04 : true
2021-06-02 17:04 : reading
2021-06-02 17:04 : true
2021-06-02 17:04 : reading
2021-06-02 17:04 : true
2021-06-02 17:04 : reading
2021-06-02 17:04 : true
2021-06-02 17:04 : reading
2021-06-02 17:04 : true
2021-06-02 17:04 : reading
2021-06-02 17:04 : true
2021-06-02 17:04 : reading
2021-06-02 17:04 : true
2021-06-02 17:04 : reading
2021-06-02 17:04 : true
2021-06-02 17:04 : reading
2021-06-02 17:04 : true
2021-06-02 17:04 : reading
2021-06-02 17:04 : true
2021-06-02 17:04 : reading
2021-06-02 17:04 : true
2021-06-02 17:04 : reading
2021-06-02 17:04 : true
2021-06-02 17:04 : reading
2021-06-02 17:04 : false
2021-06-02 17:04 : reading
2021-06-02 17:04 : false
2021-06-02 17:04 : reading
2021-06-02 17:04 : false
2021-06-02 17:04 : reading
2021-06-02 17:04 : ping start
2021-06-02 17:04 : 192.168.1.200
2021-06-02 17:04 : reading
2021-06-02 17:04 : false
2021-06-02 17:04 : reading
2021-06-02 17:04 : false
2021-06-02 17:04 : reading
2021-06-02 17:04 : false
2021-06-02 17:04 : reading
2021-06-02 17:04 : false
2021-06-02 17:04 : reading
2021-06-02 17:04 : true
2021-06-02 17:04 : reading
2021-06-02 17:04 : true
2021-06-02 17:04 : reading
2021-06-02 17:04 : true
2021-06-02 17:04 : reading
2021-06-02 17:04 : true
2021-06-02 17:04 : reading
2021-06-02 17:04 : true
2021-06-02 17:04 : reading
2021-06-02 17:04 : true
2021-06-02 17:04 : reading
2021-06-02 17:04 : true
2021-06-02 17:04 : reading
2021-06-02 17:04 : true
2021-06-02 17:04 : reading
2021-06-02 17:04 : true
2021-06-02 17:04 : reading
2021-06-02 17:04 : true
2021-06-02 17:04 : reading
2021-06-02 17:04 : true
2021-06-02 17:04 : reading
2021-06-02 17:05 : true
2021-06-02 17:05 : reading
2021-06-02 17:05 : true
2021-06-02 17:05 : reading
2021-06-02 17:05 : true
2021-06-02 17:05 : reading
2021-06-02 17:05 : true
2021-06-02 17:05 : reading
2021-06-02 17:05 : true
2021-06-02 17:05 : reading
2021-06-02 17:05 : true
2021-06-02 17:05 : reading
2021-06-02 17:05 : true
2021-06-02 17:05 : reading
2021-06-02 17:05 : true
2021-06-02 17:05 : reading
2021-06-02 17:05 : true
2021-06-02 17:05 : reading
2021-06-02 17:05 : true
2021-06-02 17:05 : reading
2021-06-02 17:05 : true
2021-06-02 17:05 : reading
2021-06-02 17:05 : true
2021-06-02 17:05 : reading
2021-06-02 17:05 : true
2021-06-02 17:05 : reading
2021-06-02 17:05 : true
2021-06-02 17:05 : reading
2021-06-02 17:05 : true
2021-06-02 17:05 : reading
2021-06-02 17:05 : true
2021-06-02 17:05 : reading
2021-06-02 17:05 : true
2021-06-02 17:05 : reading
2021-06-02 17:05 : true
2021-06-02 17:05 : reading
2021-06-02 17:05 : true
2021-06-02 17:05 : reading
2021-06-02 17:05 : true
2021-06-02 17:05 : reading
2021-06-02 17:05 : true
2021-06-02 17:05 : reading
2021-06-02 17:05 : true
2021-06-02 17:05 : reading
2021-06-02 17:05 : true
2021-06-02 17:05 : reading
2021-06-02 17:05 : true
2021-06-02 17:05 : reading
2021-06-02 17:05 : true
2021-06-02 17:05 : reading
2021-06-02 17:05 : true
2021-06-02 17:05 : reading
2021-06-02 17:05 : true
2021-06-02 17:05 : reading
2021-06-02 17:05 : true
2021-06-02 17:05 : reading
2021-06-02 17:05 : true
2021-06-02 17:05 : reading
2021-06-02 17:05 : true
2021-06-02 17:05 : reading
2021-06-02 17:05 : true
2021-06-02 17:05 : reading
2021-06-02 17:05 : true
2021-06-02 17:05 : reading
2021-06-02 17:05 : true
2021-06-02 17:05 : reading
2021-06-02 17:05 : true
2021-06-02 17:05 : reading
2021-06-02 17:05 : true
2021-06-02 17:05 : reading
2021-06-02 17:05 : true
2021-06-02 17:05 : reading
2021-06-02 17:05 : true
2021-06-02 17:05 : reading
2021-06-02 17:05 : true
2021-06-02 17:05 : reading
2021-06-02 17:05 : true
2021-06-02 17:05 : reading
2021-06-02 17:05 : true
2021-06-02 17:05 : reading
2021-06-02 17:05 : true
2021-06-02 17:05 : reading
2021-06-02 17:05 : true
2021-06-02 17:05 : reading
2021-06-02 17:05 : true
2021-06-02 17:05 : reading
2021-06-02 17:05 : true
2021-06-02 17:05 : reading
2021-06-02 17:05 : true
2021-06-02 17:05 : reading
2021-06-02 17:05 : true
2021-06-02 17:05 : reading
2021-06-02 17:05 : true
2021-06-02 17:05 : reading
2021-06-02 17:05 : true
2021-06-02 17:05 : reading
2021-06-02 17:05 : true
2021-06-02 17:05 : reading
2021-06-02 17:05 : true
2021-06-02 17:05 : reading
2021-06-02 17:05 : true
2021-06-02 17:05 : reading
2021-06-02 17:05 : true
2021-06-02 17:05 : reading
2021-06-02 17:05 : true
2021-06-02 17:05 : reading
2021-06-02 17:05 : true
2021-06-02 17:05 : reading
2021-06-02 17:05 : true
2021-06-02 17:05 : reading
2021-06-02 17:05 : true
2021-06-02 17:05 : reading
2021-06-02 17:05 : true
2021-06-02 17:05 : reading
2021-06-02 17:05 : true
2021-06-02 17:05 : reading
2021-06-02 17:05 : true
2021-06-02 17:05 : reading
2021-06-02 17:05 : true
2021-06-02 17:05 : reading
2021-06-02 17:06 : true
2021-06-02 17:06 : reading
2021-06-02 17:06 : true
2021-06-02 17:06 : reading
2021-06-02 17:06 : true
2021-06-02 17:06 : reading
2021-06-02 17:06 : true
2021-06-02 17:06 : reading
2021-06-02 17:06 : true
2021-06-02 17:06 : reading
2021-06-02 17:06 : true
2021-06-02 17:06 : reading
2021-06-02 17:06 : true
2021-06-02 17:06 : reading
2021-06-02 17:06 : true
2021-06-02 17:06 : reading
2021-06-02 17:06 : true
2021-06-02 17:06 : reading
2021-06-02 17:06 : true
2021-06-02 17:06 : reading
2021-06-02 17:06 : true
2021-06-02 17:06 : reading
2021-06-02 17:06 : true
2021-06-02 17:06 : reading
2021-06-02 17:06 : true
2021-06-02 17:06 : reading
2021-06-02 17:06 : true
2021-06-02 17:06 : reading
2021-06-02 17:06 : true
2021-06-02 17:06 : reading
2021-06-02 17:06 : true
2021-06-02 17:06 : reading
2021-06-02 17:06 : true
2021-06-02 17:06 : reading
2021-06-02 17:06 : true
2021-06-02 17:06 : reading
2021-06-02 17:06 : true
2021-06-02 17:06 : reading
2021-06-02 17:06 : true
2021-06-02 17:06 : reading
2021-06-02 17:06 : true
2021-06-02 17:06 : reading
2021-06-02 17:06 : true
2021-06-02 17:06 : reading
2021-06-02 17:06 : true
2021-06-02 17:06 : reading
2021-06-02 17:06 : true
2021-06-02 17:06 : reading
2021-06-02 17:06 : true
2021-06-02 17:06 : reading
2021-06-02 17:06 : true
2021-06-02 17:06 : reading
2021-06-02 17:06 : true
2021-06-02 17:06 : reading
2021-06-02 17:06 : true
2021-06-02 17:06 : reading
2021-06-02 17:06 : true
2021-06-02 17:06 : reading
2021-06-02 17:06 : true
2021-06-02 17:06 : reading
2021-06-02 17:06 : true
2021-06-02 17:06 : reading
2021-06-02 17:06 : true
2021-06-02 17:06 : reading
2021-06-02 17:06 : true
2021-06-02 17:06 : reading
2021-06-02 17:06 : true
2021-06-02 17:06 : reading
2021-06-02 17:06 : true
2021-06-02 17:06 : reading
2021-06-02 17:06 : true
2021-06-02 17:06 : reading
2021-06-02 17:06 : true
2021-06-02 17:06 : reading
2021-06-02 17:06 : true
2021-06-02 17:06 : reading
2021-06-02 17:06 : true
2021-06-02 17:06 : reading
2021-06-02 17:06 : true
2021-06-02 17:06 : reading
2021-06-02 17:06 : true
2021-06-02 17:06 : reading
2021-06-02 17:06 : true
2021-06-02 17:06 : reading
2021-06-02 17:06 : true
2021-06-02 17:06 : reading
2021-06-02 17:06 : true
2021-06-02 17:06 : reading
2021-06-02 17:06 : true
2021-06-02 17:06 : reading
2021-06-02 17:06 : true
2021-06-02 17:06 : reading
2021-06-02 17:06 : true
2021-06-02 17:06 : reading
2021-06-02 17:06 : true
2021-06-02 17:06 : reading
2021-06-02 17:06 : true
2021-06-02 17:06 : reading
2021-06-02 17:06 : true
2021-06-02 17:06 : reading
2021-06-02 17:06 : true
2021-06-02 17:06 : reading
2021-06-02 17:06 : true
2021-06-02 17:06 : reading
2021-06-02 17:06 : true
2021-06-02 17:06 : reading
2021-06-02 17:06 : true
2021-06-02 17:06 : reading
2021-06-02 17:06 : true
2021-06-02 17:06 : reading
2021-06-02 17:06 : true
2021-06-02 17:06 : reading
2021-06-02 17:06 : true
2021-06-02 17:06 : reading
2021-06-02 17:06 : true
2021-06-02 17:06 : reading
2021-06-02 17:06 : true
2021-06-02 17:06 : reading
2021-06-02 17:07 : true
2021-06-02 17:07 : reading
2021-06-02 17:07 : true
2021-06-02 17:07 : reading
2021-06-02 17:07 : true
2021-06-02 17:07 : reading
2021-06-02 17:07 : true
2021-06-02 17:07 : reading
2021-06-02 17:07 : true
2021-06-02 17:07 : reading
2021-06-02 17:07 : true
2021-06-02 17:07 : reading
2021-06-02 17:07 : true
2021-06-02 17:07 : reading
2021-06-02 17:07 : true
2021-06-02 17:07 : reading
2021-06-02 17:07 : true
2021-06-02 17:07 : reading
2021-06-02 17:07 : true
2021-06-02 17:07 : reading
2021-06-02 17:07 : true
2021-06-02 17:07 : reading
2021-06-02 17:07 : true
2021-06-02 17:07 : reading
2021-06-02 17:07 : true
2021-06-02 17:07 : reading
2021-06-02 17:07 : true
2021-06-02 17:07 : reading
2021-06-02 17:07 : true
2021-06-02 17:07 : reading
2021-06-02 17:07 : true
2021-06-02 17:07 : reading
2021-06-02 17:07 : true
2021-06-02 17:07 : reading
2021-06-02 17:07 : true
2021-06-02 17:07 : reading
2021-06-02 17:07 : true
2021-06-02 17:07 : reading
2021-06-02 17:07 : true
2021-06-02 17:07 : reading
2021-06-02 17:07 : true
2021-06-02 17:07 : reading
2021-06-02 17:07 : true
2021-06-02 17:07 : reading
2021-06-02 17:07 : true
2021-06-02 17:07 : reading
2021-06-02 17:07 : true
2021-06-02 17:07 : reading
2021-06-02 17:07 : true
2021-06-02 17:07 : reading
2021-06-02 17:07 : true
2021-06-02 17:07 : reading
2021-06-02 17:07 : true
2021-06-02 17:07 : reading
2021-06-02 17:07 : true
2021-06-02 17:07 : reading
2021-06-02 17:07 : true
2021-06-02 17:07 : reading
2021-06-02 17:07 : true
2021-06-02 17:07 : reading
2021-06-02 17:07 : true
2021-06-02 17:07 : reading
2021-06-02 17:07 : true
2021-06-02 17:07 : reading
2021-06-02 17:07 : true
2021-06-02 17:07 : reading
2021-06-02 17:07 : true
2021-06-02 17:07 : reading
2021-06-02 17:07 : true
2021-06-02 17:07 : reading
2021-06-02 17:07 : true
2021-06-02 17:07 : reading
2021-06-02 17:07 : true
2021-06-02 17:07 : reading
2021-06-02 17:07 : true
2021-06-02 17:07 : reading
2021-06-02 17:07 : true
2021-06-02 17:07 : reading
2021-06-02 17:07 : true
2021-06-02 17:07 : reading
2021-06-02 17:07 : true
2021-06-02 17:07 : reading
2021-06-02 17:07 : true
2021-06-02 17:07 : reading
2021-06-02 17:07 : true
2021-06-02 17:07 : reading
2021-06-02 17:07 : true
2021-06-02 17:07 : reading
2021-06-02 17:07 : true
2021-06-02 17:07 : reading
2021-06-02 17:07 : true
2021-06-02 17:07 : reading
2021-06-02 17:07 : true
2021-06-02 17:07 : reading
2021-06-02 17:07 : true
2021-06-02 17:07 : reading
2021-06-02 17:07 : true
2021-06-02 17:07 : reading
2021-06-02 17:07 : true
2021-06-02 17:07 : reading
2021-06-02 17:07 : true
2021-06-02 17:07 : reading
2021-06-02 17:07 : true
2021-06-02 17:07 : reading
2021-06-02 17:07 : true
2021-06-02 17:07 : reading
2021-06-02 17:07 : true
2021-06-02 17:07 : reading
2021-06-02 17:07 : true
2021-06-02 17:07 : reading
2021-06-02 17:07 : true
2021-06-02 17:07 : reading
2021-06-02 17:07 : true
2021-06-02 17:07 : reading
2021-06-02 17:07 : true
2021-06-02 17:07 : reading
2021-06-02 17:07 : true
2021-06-02 17:07 : reading
2021-06-02 17:07 : true
2021-06-02 17:07 : reading
2021-06-02 17:08 : true
2021-06-02 17:08 : reading
2021-06-02 17:08 : true
2021-06-02 17:08 : reading
2021-06-02 17:08 : true
2021-06-02 17:08 : reading
2021-06-02 17:08 : true
2021-06-02 17:08 : reading
2021-06-02 17:08 : true
2021-06-02 17:08 : reading
2021-06-02 17:08 : true
2021-06-02 17:08 : reading
2021-06-02 17:08 : true
2021-06-02 17:08 : reading
2021-06-02 17:08 : true
2021-06-02 17:08 : reading
2021-06-02 17:08 : true
2021-06-02 17:08 : reading
2021-06-02 17:08 : true
2021-06-02 17:08 : reading
2021-06-02 17:08 : true
2021-06-02 17:08 : reading
2021-06-02 17:08 : true
2021-06-02 17:08 : reading
2021-06-02 17:08 : true
2021-06-02 17:08 : reading
2021-06-02 17:08 : true
2021-06-02 17:08 : reading
2021-06-02 17:08 : true
2021-06-02 17:08 : reading
2021-06-02 17:08 : true
2021-06-02 17:08 : reading
2021-06-02 17:08 : true
2021-06-02 17:08 : reading
2021-06-02 17:08 : true
2021-06-02 17:08 : reading
2021-06-02 17:08 : true
2021-06-02 17:08 : reading
2021-06-02 17:08 : true
2021-06-02 17:08 : reading
2021-06-02 17:08 : true
2021-06-02 17:08 : reading
2021-06-02 17:08 : true
2021-06-02 17:08 : reading
2021-06-02 17:08 : true
2021-06-02 17:08 : reading
2021-06-02 17:08 : true
2021-06-02 17:08 : reading
2021-06-02 17:08 : true
2021-06-02 17:08 : reading
2021-06-02 17:08 : true
2021-06-02 17:08 : reading
2021-06-02 17:08 : true
2021-06-02 17:08 : reading
2021-06-02 17:08 : true
2021-06-02 17:08 : reading
2021-06-02 17:08 : true
2021-06-02 17:08 : reading
2021-06-02 17:08 : true
2021-06-02 17:08 : reading
2021-06-02 17:08 : true
2021-06-02 17:08 : reading
2021-06-02 17:08 : true
2021-06-02 17:08 : reading
2021-06-02 17:08 : true
2021-06-02 17:08 : reading
2021-06-02 17:08 : true
2021-06-02 17:08 : reading
2021-06-02 17:08 : true
2021-06-02 17:08 : reading
2021-06-02 17:08 : true
2021-06-02 17:08 : reading
2021-06-02 17:08 : true
2021-06-02 17:08 : reading
2021-06-02 17:08 : true
2021-06-02 17:08 : reading
2021-06-02 17:08 : true
2021-06-02 17:08 : reading
2021-06-02 17:08 : true
2021-06-02 17:08 : reading
2021-06-02 17:08 : true
2021-06-02 17:08 : reading
2021-06-02 17:08 : true
2021-06-02 17:08 : reading
2021-06-02 17:08 : true
2021-06-02 17:08 : reading
2021-06-02 17:08 : true
2021-06-02 17:08 : reading
2021-06-02 17:08 : true
2021-06-02 17:08 : reading
